Arguments: 
  C:\Users\oscar\scoop\apps\nvm\current\nodejs\nodejs\node.exe C:\Users\oscar\scoop\apps\nvm\current\nodejs\nodejs\node_modules\yarn\bin\yarn.js init

PATH: 
  C:\Users\oscar\bin;C:\Users\oscar\scoop\apps\git\2.28.0.windows.1\mingw64\bin;C:\Users\oscar\scoop\apps\git\2.28.0.windows.1\usr\local\bin;C:\Users\oscar\scoop\apps\git\2.28.0.windows.1\usr\bin;C:\Users\oscar\scoop\apps\git\2.28.0.windows.1\usr\bin;C:\Users\oscar\scoop\apps\git\2.28.0.windows.1\mingw64\bin;C:\Users\oscar\scoop\apps\git\2.28.0.windows.1\usr\bin;C:\Users\oscar\bin;C:\WINDOWS\system32;C:\WINDOWS;C:\WINDOWS\System32\Wbem;C:\WINDOWS\System32\WindowsPowerShell\v1.0;C:\Program Files (x86)\ATI Technologies\ATI.ACE\Core-Static;C:\WINDOWS\System32\OpenSSH;C:\Users\oscar\scoop\apps\nvm\current\nodejs\nodejs;C:\Users\oscar\scoop\shims;C:\Users\oscar\AppData\Local\Programs\Python\Python37-32\Scripts;C:\Users\oscar\AppData\Local\Programs\Python\Python37-32;C:\Users\oscar\AppData\Local\Microsoft\WindowsApps;C:\Users\oscar\scoop\apps\git\2.28.0.windows.1\usr\bin\vendor_perl;C:\Users\oscar\scoop\apps\git\2.28.0.windows.1\usr\bin\core_perl

Yarn version: 
  1.22.5

Node version: 
  14.8.0

Platform: 
  win32 x64

Trace: 
  Error: Can't answer a question unless a user TTY
      at ConsoleReporter.question (C:\Users\oscar\scoop\persist\nvm\nodejs\v14.8.0\node_modules\yarn\lib\cli.js:96361:59)
      at Object.<anonymous> (C:\Users\oscar\scoop\persist\nvm\nodejs\v14.8.0\node_modules\yarn\lib\cli.js:88636:38)
      at Generator.next (<anonymous>)
      at step (C:\Users\oscar\scoop\persist\nvm\nodejs\v14.8.0\node_modules\yarn\lib\cli.js:310:30)
      at C:\Users\oscar\scoop\persist\nvm\nodejs\v14.8.0\node_modules\yarn\lib\cli.js:321:13

npm manifest: 
  {
    "name": "todo-vs-c39",
    "version": "1.0.0",
    "main": "index.js",
    "license": "MIT"
  }

yarn manifest: 
  No manifest

Lockfile: 
  # THIS IS AN AUTOGENERATED FILE. DO NOT EDIT THIS FILE DIRECTLY.
  # yarn lockfile v1
